Analysis & Synthesis report for SerialDumper
Fri Apr 14 01:52:24 2023
Quartus II 64-Bit Version 13.0.1 Build 232 06/12/2013 Service Pack 1 SJ Web Edition


---------------------
; Table of Contents ;
---------------------
  1. Legal Notice
  2. Analysis & Synthesis Summary
  3. Analysis & Synthesis Settings
  4. Parallel Compilation
  5. Analysis & Synthesis Source Files Read
  6. Analysis & Synthesis Resource Usage Summary
  7. Analysis & Synthesis Resource Utilization by Entity
  8. Analysis & Synthesis IP Cores Summary
  9. State Machine - |SerialDumper|state
 10. State Machine - |SerialDumper|stateSub
 11. State Machine - |SerialDumper|uart_rx:urx|r_SM_Main
 12. State Machine - |SerialDumper|uart_tx:utx|r_SM_Main
 13. Registers Removed During Synthesis
 14. General Register Statistics
 15. Inverted Register Statistics
 16. Multiplexer Restructuring Statistics (Restructuring Performed)
 17. Parameter Settings for User Entity Instance: altpll0:mempll|altpll:altpll_component
 18. Parameter Settings for User Entity Instance: sdram_controller:memory
 19. Parameter Settings for User Entity Instance: uart_tx:utx
 20. Parameter Settings for User Entity Instance: uart_rx:urx
 21. altpll Parameter Settings by Entity Instance
 22. Port Connectivity Checks: "uart_tx:utx"
 23. Port Connectivity Checks: "sdram_controller:memory"
 24. Elapsed Time Per Partition
 25. Analysis & Synthesis Messages
 26. Analysis & Synthesis Suppressed Messages



----------------
; Legal Notice ;
----------------
Copyright (C) 1991-2013 Altera Corporation
Your use of Altera Corporation's design tools, logic functions 
and other software and tools, and its AMPP partner logic 
functions, and any output files from any of the foregoing 
(including device programming or simulation files), and any 
associated documentation or information are expressly subject 
to the terms and conditions of the Altera Program License 
Subscription Agreement, Altera MegaCore Function License 
Agreement, or other applicable license agreement, including, 
without limitation, that your use is for the sole purpose of 
programming logic devices manufactured by Altera and sold by 
Altera or its authorized distributors.  Please refer to the 
applicable agreement for further details.



+--------------------------------------------------------------------------------------+
; Analysis & Synthesis Summary                                                         ;
+------------------------------------+-------------------------------------------------+
; Analysis & Synthesis Status        ; Successful - Fri Apr 14 01:52:24 2023           ;
; Quartus II 64-Bit Version          ; 13.0.1 Build 232 06/12/2013 SP 1 SJ Web Edition ;
; Revision Name                      ; SerialDumper                                    ;
; Top-level Entity Name              ; SerialDumper                                    ;
; Family                             ; Cyclone III                                     ;
; Total logic elements               ; 577                                             ;
;     Total combinational functions  ; 555                                             ;
;     Dedicated logic registers      ; 266                                             ;
; Total registers                    ; 266                                             ;
; Total pins                         ; 39                                              ;
; Total virtual pins                 ; 0                                               ;
; Total memory bits                  ; 0                                               ;
; Embedded Multiplier 9-bit elements ; 0                                               ;
; Total PLLs                         ; 1                                               ;
+------------------------------------+-------------------------------------------------+


+----------------------------------------------------------------------------------------------------------------------+
; Analysis & Synthesis Settings                                                                                        ;
+----------------------------------------------------------------------------+--------------------+--------------------+
; Option                                                                     ; Setting            ; Default Value      ;
+----------------------------------------------------------------------------+--------------------+--------------------+
; Device                                                                     ; EP3C25E144C8       ;                    ;
; Top-level entity name                                                      ; SerialDumper       ; SerialDumper       ;
; Family name                                                                ; Cyclone III        ; Cyclone IV GX      ;
; Use smart compilation                                                      ; Off                ; Off                ;
; Enable parallel Assembler and TimeQuest Timing Analyzer during compilation ; On                 ; On                 ;
; Enable compact report table                                                ; Off                ; Off                ;
; Restructure Multiplexers                                                   ; Auto               ; Auto               ;
; Create Debugging Nodes for IP Cores                                        ; Off                ; Off                ;
; Preserve fewer node names                                                  ; On                 ; On                 ;
; Disable OpenCore Plus hardware evaluation                                  ; Off                ; Off                ;
; Verilog Version                                                            ; Verilog_2001       ; Verilog_2001       ;
; VHDL Version                                                               ; VHDL_1993          ; VHDL_1993          ;
; State Machine Processing                                                   ; Auto               ; Auto               ;
; Safe State Machine                                                         ; Off                ; Off                ;
; Extract Verilog State Machines                                             ; On                 ; On                 ;
; Extract VHDL State Machines                                                ; On                 ; On                 ;
; Ignore Verilog initial constructs                                          ; Off                ; Off                ;
; Iteration limit for constant Verilog loops                                 ; 5000               ; 5000               ;
; Iteration limit for non-constant Verilog loops                             ; 250                ; 250                ;
; Add Pass-Through Logic to Inferred RAMs                                    ; On                 ; On                 ;
; Infer RAMs from Raw Logic                                                  ; On                 ; On                 ;
; Parallel Synthesis                                                         ; On                 ; On                 ;
; DSP Block Balancing                                                        ; Auto               ; Auto               ;
; NOT Gate Push-Back                                                         ; On                 ; On                 ;
; Power-Up Don't Care                                                        ; On                 ; On                 ;
; Remove Redundant Logic Cells                                               ; Off                ; Off                ;
; Remove Duplicate Registers                                                 ; On                 ; On                 ;
; Ignore CARRY Buffers                                                       ; Off                ; Off                ;
; Ignore CASCADE Buffers                                                     ; Off                ; Off                ;
; Ignore GLOBAL Buffers                                                      ; Off                ; Off                ;
; Ignore ROW GLOBAL Buffers                                                  ; Off                ; Off                ;
; Ignore LCELL Buffers                                                       ; Off                ; Off                ;
; Ignore SOFT Buffers                                                        ; On                 ; On                 ;
; Limit AHDL Integers to 32 Bits                                             ; Off                ; Off                ;
; Optimization Technique                                                     ; Balanced           ; Balanced           ;
; Carry Chain Length                                                         ; 70                 ; 70                 ;
; Auto Carry Chains                                                          ; On                 ; On                 ;
; Auto Open-Drain Pins                                                       ; On                 ; On                 ;
; Perform WYSIWYG Primitive Resynthesis                                      ; Off                ; Off                ;
; Auto ROM Replacement                                                       ; On                 ; On                 ;
; Auto RAM Replacement                                                       ; On                 ; On                 ;
; Auto DSP Block Replacement                                                 ; On                 ; On                 ;
; Auto Shift Register Replacement                                            ; Auto               ; Auto               ;
; Allow Shift Register Merging across Hierarchies                            ; Auto               ; Auto               ;
; Auto Clock Enable Replacement                                              ; On                 ; On                 ;
; Strict RAM Replacement                                                     ; Off                ; Off                ;
; Allow Synchronous Control Signals                                          ; On                 ; On                 ;
; Force Use of Synchronous Clear Signals                                     ; Off                ; Off                ;
; Auto RAM Block Balancing                                                   ; On                 ; On                 ;
; Auto RAM to Logic Cell Conversion                                          ; Off                ; Off                ;
; Auto Resource Sharing                                                      ; Off                ; Off                ;
; Allow Any RAM Size For Recognition                                         ; Off                ; Off                ;
; Allow Any ROM Size For Recognition                                         ; Off                ; Off                ;
; Allow Any Shift Register Size For Recognition                              ; Off                ; Off                ;
; Use LogicLock Constraints during Resource Balancing                        ; On                 ; On                 ;
; Ignore translate_off and synthesis_off directives                          ; Off                ; Off                ;
; Timing-Driven Synthesis                                                    ; On                 ; On                 ;
; Report Parameter Settings                                                  ; On                 ; On                 ;
; Report Source Assignments                                                  ; On                 ; On                 ;
; Report Connectivity Checks                                                 ; On                 ; On                 ;
; Ignore Maximum Fan-Out Assignments                                         ; Off                ; Off                ;
; Synchronization Register Chain Length                                      ; 2                  ; 2                  ;
; PowerPlay Power Optimization                                               ; Normal compilation ; Normal compilation ;
; HDL message level                                                          ; Level2             ; Level2             ;
; Suppress Register Optimization Related Messages                            ; Off                ; Off                ;
; Number of Removed Registers Reported in Synthesis Report                   ; 5000               ; 5000               ;
; Number of Swept Nodes Reported in Synthesis Report                         ; 5000               ; 5000               ;
; Number of Inverted Registers Reported in Synthesis Report                  ; 100                ; 100                ;
; Clock MUX Protection                                                       ; On                 ; On                 ;
; Auto Gated Clock Conversion                                                ; Off                ; Off                ;
; Block Design Naming                                                        ; Auto               ; Auto               ;
; SDC constraint protection                                                  ; Off                ; Off                ;
; Synthesis Effort                                                           ; Auto               ; Auto               ;
; Shift Register Replacement - Allow Asynchronous Clear Signal               ; On                 ; On                 ;
; Pre-Mapping Resynthesis Optimization                                       ; Off                ; Off                ;
; Analysis & Synthesis Message Level                                         ; Medium             ; Medium             ;
; Disable Register Merging Across Hierarchies                                ; Auto               ; Auto               ;
; Resource Aware Inference For Block RAM                                     ; On                 ; On                 ;
; Synthesis Seed                                                             ; 1                  ; 1                  ;
+----------------------------------------------------------------------------+--------------------+--------------------+


Parallel compilation was disabled, but you have multiple processors available. Enable parallel compilation to reduce compilation time.
+-------------------------------------+
; Parallel Compilation                ;
+----------------------------+--------+
; Processors                 ; Number ;
+----------------------------+--------+
; Number detected on machine ; 16     ;
; Maximum allowed            ; 1      ;
+----------------------------+--------+


+-----------------------------------------------------------------------------------------------------------------------------------------------------------------------------+
; Analysis & Synthesis Source Files Read                                                                                                                                      ;
+----------------------------------+-----------------+------------------------------+-------------------------------------------------------------------------------+---------+
; File Name with User-Entered Path ; Used in Netlist ; File Type                    ; File Name with Absolute Path                                                  ; Library ;
+----------------------------------+-----------------+------------------------------+-------------------------------------------------------------------------------+---------+
; SerialDumper.v                   ; yes             ; User Verilog HDL File        ; D:/Users/Kasami/Documents/HeikouBox/configs/SerialDumper/SerialDumper.v       ;         ;
; sdram_controller.v               ; yes             ; User Verilog HDL File        ; D:/Users/Kasami/Documents/HeikouBox/configs/SerialDumper/sdram_controller.v   ;         ;
; altpll0.v                        ; yes             ; User Wizard-Generated File   ; D:/Users/Kasami/Documents/HeikouBox/configs/SerialDumper/altpll0.v            ;         ;
; uart_tx.v                        ; yes             ; User Verilog HDL File        ; D:/Users/Kasami/Documents/HeikouBox/configs/SerialDumper/uart_tx.v            ;         ;
; uart_rx.v                        ; yes             ; User Verilog HDL File        ; D:/Users/Kasami/Documents/HeikouBox/configs/SerialDumper/uart_rx.v            ;         ;
; altpll.tdf                       ; yes             ; Megafunction                 ; c:/altera/13.0sp1/quartus/libraries/megafunctions/altpll.tdf                  ;         ;
; aglobal130.inc                   ; yes             ; Megafunction                 ; c:/altera/13.0sp1/quartus/libraries/megafunctions/aglobal130.inc              ;         ;
; stratix_pll.inc                  ; yes             ; Megafunction                 ; c:/altera/13.0sp1/quartus/libraries/megafunctions/stratix_pll.inc             ;         ;
; stratixii_pll.inc                ; yes             ; Megafunction                 ; c:/altera/13.0sp1/quartus/libraries/megafunctions/stratixii_pll.inc           ;         ;
; cycloneii_pll.inc                ; yes             ; Megafunction                 ; c:/altera/13.0sp1/quartus/libraries/megafunctions/cycloneii_pll.inc           ;         ;
; db/altpll0_altpll1.v             ; yes             ; Auto-Generated Megafunction  ; D:/Users/Kasami/Documents/HeikouBox/configs/SerialDumper/db/altpll0_altpll1.v ;         ;
+----------------------------------+-----------------+------------------------------+-------------------------------------------------------------------------------+---------+


+--------------------------------------------------------------------------------------------------------------------------------------+
; Analysis & Synthesis Resource Usage Summary                                                                                          ;
+---------------------------------------------+----------------------------------------------------------------------------------------+
; Resource                                    ; Usage                                                                                  ;
+---------------------------------------------+----------------------------------------------------------------------------------------+
; Estimated Total logic elements              ; 577                                                                                    ;
;                                             ;                                                                                        ;
; Total combinational functions               ; 555                                                                                    ;
; Logic element usage by number of LUT inputs ;                                                                                        ;
;     -- 4 input functions                    ; 254                                                                                    ;
;     -- 3 input functions                    ; 108                                                                                    ;
;     -- <=2 input functions                  ; 193                                                                                    ;
;                                             ;                                                                                        ;
; Logic elements by mode                      ;                                                                                        ;
;     -- normal mode                          ; 450                                                                                    ;
;     -- arithmetic mode                      ; 105                                                                                    ;
;                                             ;                                                                                        ;
; Total registers                             ; 266                                                                                    ;
;     -- Dedicated logic registers            ; 266                                                                                    ;
;     -- I/O registers                        ; 0                                                                                      ;
;                                             ;                                                                                        ;
; I/O pins                                    ; 39                                                                                     ;
; Embedded Multiplier 9-bit elements          ; 0                                                                                      ;
; Total PLLs                                  ; 1                                                                                      ;
;     -- PLLs                                 ; 1                                                                                      ;
;                                             ;                                                                                        ;
; Maximum fan-out node                        ; altpll0:mempll|altpll:altpll_component|altpll0_altpll1:auto_generated|wire_pll1_clk[0] ;
; Maximum fan-out                             ; 230                                                                                    ;
; Total fan-out                               ; 2538                                                                                   ;
; Average fan-out                             ; 2.77                                                                                   ;
+---------------------------------------------+----------------------------------------------------------------------------------------+


+------------------------------------------------------------------------------------------------------------------------------------------------------------------------------------------------------------------------------------------------------------+
; Analysis & Synthesis Resource Utilization by Entity                                                                                                                                                                                                        ;
+-------------------------------------------+-------------------+--------------+-------------+--------------+---------+-----------+------+--------------+-------------------------------------------------------------------------------------+--------------+
; Compilation Hierarchy Node                ; LC Combinationals ; LC Registers ; Memory Bits ; DSP Elements ; DSP 9x9 ; DSP 18x18 ; Pins ; Virtual Pins ; Full Hierarchy Name                                                                 ; Library Name ;
+-------------------------------------------+-------------------+--------------+-------------+--------------+---------+-----------+------+--------------+-------------------------------------------------------------------------------------+--------------+
; |SerialDumper                             ; 555 (333)         ; 266 (143)    ; 0           ; 0            ; 0       ; 0         ; 39   ; 0            ; |SerialDumper                                                                       ; work         ;
;    |altpll0:mempll|                       ; 0 (0)             ; 0 (0)        ; 0           ; 0            ; 0       ; 0         ; 0    ; 0            ; |SerialDumper|altpll0:mempll                                                        ; work         ;
;       |altpll:altpll_component|           ; 0 (0)             ; 0 (0)        ; 0           ; 0            ; 0       ; 0         ; 0    ; 0            ; |SerialDumper|altpll0:mempll|altpll:altpll_component                                ; work         ;
;          |altpll0_altpll1:auto_generated| ; 0 (0)             ; 0 (0)        ; 0           ; 0            ; 0       ; 0         ; 0    ; 0            ; |SerialDumper|altpll0:mempll|altpll:altpll_component|altpll0_altpll1:auto_generated ; work         ;
;    |sdram_controller:memory|              ; 115 (115)         ; 54 (54)      ; 0           ; 0            ; 0       ; 0         ; 0    ; 0            ; |SerialDumper|sdram_controller:memory                                               ; work         ;
;    |uart_rx:urx|                          ; 63 (63)           ; 35 (35)      ; 0           ; 0            ; 0       ; 0         ; 0    ; 0            ; |SerialDumper|uart_rx:urx                                                           ; work         ;
;    |uart_tx:utx|                          ; 44 (44)           ; 34 (34)      ; 0           ; 0            ; 0       ; 0         ; 0    ; 0            ; |SerialDumper|uart_tx:utx                                                           ; work         ;
+-------------------------------------------+-------------------+--------------+-------------+--------------+---------+-----------+------+--------------+-------------------------------------------------------------------------------------+--------------+
Note: For table entries with two numbers listed, the numbers in parentheses indicate the number of resources of the given type used by the specific entity alone. The numbers listed outside of parentheses indicate the total resources of the given type used by the specific entity and all of its sub-entities in the hierarchy.


+-------------------------------------------------------------------------------------------------------------------------------------------------------------------+
; Analysis & Synthesis IP Cores Summary                                                                                                                             ;
+--------+--------------+---------+--------------+--------------+------------------------------+--------------------------------------------------------------------+
; Vendor ; IP Core Name ; Version ; Release Date ; License Type ; Entity Instance              ; IP Include File                                                    ;
+--------+--------------+---------+--------------+--------------+------------------------------+--------------------------------------------------------------------+
; Altera ; ALTPLL       ; 13.0    ; N/A          ; N/A          ; |SerialDumper|altpll0:mempll ; D:/Users/Kasami/Documents/HeikouBox/configs/SerialDumper/altpll0.v ;
+--------+--------------+---------+--------------+--------------+------------------------------+--------------------------------------------------------------------+


Encoding Type:  One-Hot
+--------------------------------------------------------------------------------------------------------------------------------------------------------------------------+
; State Machine - |SerialDumper|state                                                                                                                                      ;
+-----------------------+-------------------+----------------------+------------------+--------------------+-----------------------+--------------------+------------------+
; Name                  ; state.STATE_RESET ; state.STATE_CHECKSUM ; state.STATE_DUMP ; state.STATE_HEADER ; state.STATE_DELAYSEND ; state.STATE_LISTEN ; state.STATE_INIT ;
+-----------------------+-------------------+----------------------+------------------+--------------------+-----------------------+--------------------+------------------+
; state.STATE_INIT      ; 0                 ; 0                    ; 0                ; 0                  ; 0                     ; 0                  ; 0                ;
; state.STATE_LISTEN    ; 0                 ; 0                    ; 0                ; 0                  ; 0                     ; 1                  ; 1                ;
; state.STATE_DELAYSEND ; 0                 ; 0                    ; 0                ; 0                  ; 1                     ; 0                  ; 1                ;
; state.STATE_HEADER    ; 0                 ; 0                    ; 0                ; 1                  ; 0                     ; 0                  ; 1                ;
; state.STATE_DUMP      ; 0                 ; 0                    ; 1                ; 0                  ; 0                     ; 0                  ; 1                ;
; state.STATE_CHECKSUM  ; 0                 ; 1                    ; 0                ; 0                  ; 0                     ; 0                  ; 1                ;
; state.STATE_RESET     ; 1                 ; 0                    ; 0                ; 0                  ; 0                     ; 0                  ; 1                ;
+-----------------------+-------------------+----------------------+------------------+--------------------+-----------------------+--------------------+------------------+


Encoding Type:  One-Hot
+-----------------------------------------------------------------------------------------------+
; State Machine - |SerialDumper|stateSub                                                        ;
+---------------+---------------+---------------+---------------+---------------+---------------+
; Name          ; stateSub.0011 ; stateSub.0010 ; stateSub.0001 ; stateSub.0000 ; stateSub.0100 ;
+---------------+---------------+---------------+---------------+---------------+---------------+
; stateSub.0000 ; 0             ; 0             ; 0             ; 0             ; 0             ;
; stateSub.0001 ; 0             ; 0             ; 1             ; 1             ; 0             ;
; stateSub.0010 ; 0             ; 1             ; 0             ; 1             ; 0             ;
; stateSub.0011 ; 1             ; 0             ; 0             ; 1             ; 0             ;
; stateSub.0100 ; 0             ; 0             ; 0             ; 1             ; 1             ;
+---------------+---------------+---------------+---------------+---------------+---------------+


Encoding Type:  One-Hot
+------------------------------------------------------------------------------------------------------------------------------------------------+
; State Machine - |SerialDumper|uart_rx:urx|r_SM_Main                                                                                            ;
+--------------------------+-------------------------+--------------------------+--------------------------+---------------+---------------------+
; Name                     ; r_SM_Main.s_RX_STOP_BIT ; r_SM_Main.s_RX_DATA_BITS ; r_SM_Main.s_RX_START_BIT ; r_SM_Main.000 ; r_SM_Main.s_CLEANUP ;
+--------------------------+-------------------------+--------------------------+--------------------------+---------------+---------------------+
; r_SM_Main.000            ; 0                       ; 0                        ; 0                        ; 0             ; 0                   ;
; r_SM_Main.s_RX_START_BIT ; 0                       ; 0                        ; 1                        ; 1             ; 0                   ;
; r_SM_Main.s_RX_DATA_BITS ; 0                       ; 1                        ; 0                        ; 1             ; 0                   ;
; r_SM_Main.s_RX_STOP_BIT  ; 1                       ; 0                        ; 0                        ; 1             ; 0                   ;
; r_SM_Main.s_CLEANUP      ; 0                       ; 0                        ; 0                        ; 1             ; 1                   ;
+--------------------------+-------------------------+--------------------------+--------------------------+---------------+---------------------+


Encoding Type:  One-Hot
+------------------------------------------------------------------------------------------------------------------------------------------------+
; State Machine - |SerialDumper|uart_tx:utx|r_SM_Main                                                                                            ;
+--------------------------+-------------------------+--------------------------+--------------------------+---------------+---------------------+
; Name                     ; r_SM_Main.s_TX_STOP_BIT ; r_SM_Main.s_TX_DATA_BITS ; r_SM_Main.s_TX_START_BIT ; r_SM_Main.000 ; r_SM_Main.s_CLEANUP ;
+--------------------------+-------------------------+--------------------------+--------------------------+---------------+---------------------+
; r_SM_Main.000            ; 0                       ; 0                        ; 0                        ; 0             ; 0                   ;
; r_SM_Main.s_TX_START_BIT ; 0                       ; 0                        ; 1                        ; 1             ; 0                   ;
; r_SM_Main.s_TX_DATA_BITS ; 0                       ; 1                        ; 0                        ; 1             ; 0                   ;
; r_SM_Main.s_TX_STOP_BIT  ; 1                       ; 0                        ; 0                        ; 1             ; 0                   ;
; r_SM_Main.s_CLEANUP      ; 0                       ; 0                        ; 0                        ; 1             ; 1                   ;
+--------------------------+-------------------------+--------------------------+--------------------------+---------------+---------------------+


+-------------------------------------------------------------------------------------------+
; Registers Removed During Synthesis                                                        ;
+------------------------------------------+------------------------------------------------+
; Register name                            ; Reason for Removal                             ;
+------------------------------------------+------------------------------------------------+
; sdram_controller:memory|wr_data_r[0..15] ; Stuck at GND due to stuck port data_in         ;
; sdram_controller:memory|command[2]       ; Merged with sdram_controller:memory|command[1] ;
; sdram_controller:memory|command[1]       ; Stuck at GND due to stuck port data_in         ;
; state~9                                  ; Lost fanout                                    ;
; state~10                                 ; Lost fanout                                    ;
; state~11                                 ; Lost fanout                                    ;
; stateSub~2                               ; Lost fanout                                    ;
; stateSub~3                               ; Lost fanout                                    ;
; stateSub~5                               ; Lost fanout                                    ;
; uart_rx:urx|r_SM_Main~2                  ; Lost fanout                                    ;
; uart_rx:urx|r_SM_Main~3                  ; Lost fanout                                    ;
; uart_tx:utx|r_SM_Main~2                  ; Lost fanout                                    ;
; uart_tx:utx|r_SM_Main~3                  ; Lost fanout                                    ;
; state.STATE_DELAYSEND                    ; Stuck at GND due to stuck port data_in         ;
; Total Number of Removed Registers = 29   ;                                                ;
+------------------------------------------+------------------------------------------------+


+------------------------------------------------------+
; General Register Statistics                          ;
+----------------------------------------------+-------+
; Statistic                                    ; Value ;
+----------------------------------------------+-------+
; Total registers                              ; 266   ;
; Number of registers using Synchronous Clear  ; 49    ;
; Number of registers using Synchronous Load   ; 5     ;
; Number of registers using Asynchronous Clear ; 0     ;
; Number of registers using Asynchronous Load  ; 0     ;
; Number of registers using Clock Enable       ; 170   ;
; Number of registers using Preset             ; 0     ;
+----------------------------------------------+-------+


+---------------------------------------------------+
; Inverted Register Statistics                      ;
+-----------------------------------------+---------+
; Inverted Register                       ; Fan out ;
+-----------------------------------------+---------+
; readDoneAddr[0]                         ; 1       ;
; readDoneAddr[1]                         ; 1       ;
; readDoneAddr[2]                         ; 1       ;
; readDoneAddr[3]                         ; 1       ;
; readDoneAddr[4]                         ; 1       ;
; readDoneAddr[5]                         ; 1       ;
; readDoneAddr[6]                         ; 1       ;
; readDoneAddr[7]                         ; 1       ;
; readDoneAddr[9]                         ; 1       ;
; readDoneAddr[8]                         ; 1       ;
; readDoneAddr[10]                        ; 1       ;
; readDoneAddr[11]                        ; 1       ;
; readDoneAddr[12]                        ; 1       ;
; readDoneAddr[13]                        ; 1       ;
; readDoneAddr[14]                        ; 1       ;
; readDoneAddr[15]                        ; 1       ;
; readDoneAddr[16]                        ; 1       ;
; readDoneAddr[17]                        ; 1       ;
; readDoneAddr[18]                        ; 1       ;
; readDoneAddr[19]                        ; 1       ;
; readDoneAddr[20]                        ; 1       ;
; readDoneAddr[21]                        ; 1       ;
; readDoneAddr[22]                        ; 1       ;
; readData[14]                            ; 2       ;
; readData[13]                            ; 2       ;
; readData[12]                            ; 2       ;
; readData[15]                            ; 2       ;
; readData[2]                             ; 2       ;
; readData[0]                             ; 2       ;
; readData[3]                             ; 2       ;
; uart_rx:urx|r_Rx_Data                   ; 12      ;
; uart_rx:urx|r_Rx_Data_R                 ; 1       ;
; Total number of inverted registers = 32 ;         ;
+-----------------------------------------+---------+


+------------------------------------------------------------------------------------------------------------------------------------------------------------------+
; Multiplexer Restructuring Statistics (Restructuring Performed)                                                                                                   ;
+--------------------+-----------+---------------+----------------------+------------------------+------------+----------------------------------------------------+
; Multiplexer Inputs ; Bus Width ; Baseline Area ; Area if Restructured ; Saving if Restructured ; Registered ; Example Multiplexer Output                         ;
+--------------------+-----------+---------------+----------------------+------------------------+------------+----------------------------------------------------+
; 3:1                ; 2 bits    ; 4 LEs         ; 4 LEs                ; 0 LEs                  ; Yes        ; |SerialDumper|sdram_controller:memory|state_cnt[2] ;
; 3:1                ; 23 bits   ; 46 LEs        ; 23 LEs               ; 23 LEs                 ; Yes        ; |SerialDumper|sdram_controller:memory|haddr_r[22]  ;
; 3:1                ; 16 bits   ; 32 LEs        ; 16 LEs               ; 16 LEs                 ; Yes        ; |SerialDumper|sdram_controller:memory|rd_data_r[8] ;
; 4:1                ; 7 bits    ; 14 LEs        ; 14 LEs               ; 0 LEs                  ; Yes        ; |SerialDumper|sdram_controller:memory|command[4]   ;
; 4:1                ; 2 bits    ; 4 LEs         ; 4 LEs                ; 0 LEs                  ; Yes        ; |SerialDumper|sdram_controller:memory|command[5]   ;
; 4:1                ; 2 bits    ; 4 LEs         ; 2 LEs                ; 2 LEs                  ; Yes        ; |SerialDumper|delayReg[9]                          ;
; 5:1                ; 16 bits   ; 48 LEs        ; 16 LEs               ; 32 LEs                 ; Yes        ; |SerialDumper|checksum[12]                         ;
; 6:1                ; 7 bits    ; 28 LEs        ; 7 LEs                ; 21 LEs                 ; Yes        ; |SerialDumper|readAddr[22]                         ;
; 6:1                ; 8 bits    ; 32 LEs        ; 8 LEs                ; 24 LEs                 ; Yes        ; |SerialDumper|readAddr[9]                          ;
; 6:1                ; 8 bits    ; 32 LEs        ; 8 LEs                ; 24 LEs                 ; Yes        ; |SerialDumper|readAddr[7]                          ;
; 6:1                ; 8 bits    ; 32 LEs        ; 8 LEs                ; 24 LEs                 ; Yes        ; |SerialDumper|readCntr[8]                          ;
; 6:1                ; 8 bits    ; 32 LEs        ; 8 LEs                ; 24 LEs                 ; Yes        ; |SerialDumper|readCntr[0]                          ;
; 5:1                ; 3 bits    ; 9 LEs         ; 6 LEs                ; 3 LEs                  ; Yes        ; |SerialDumper|delayReg[11]                         ;
; 5:1                ; 5 bits    ; 15 LEs        ; 10 LEs               ; 5 LEs                  ; Yes        ; |SerialDumper|delayReg[18]                         ;
; 4:1                ; 16 bits   ; 32 LEs        ; 16 LEs               ; 16 LEs                 ; Yes        ; |SerialDumper|uart_tx:utx|r_Clock_Count[8]         ;
; 7:1                ; 16 bits   ; 64 LEs        ; 16 LEs               ; 48 LEs                 ; Yes        ; |SerialDumper|uart_rx:urx|r_Clock_Count[12]        ;
; 20:1               ; 7 bits    ; 91 LEs        ; 42 LEs               ; 49 LEs                 ; Yes        ; |SerialDumper|r_txData[4]                          ;
; 3:1                ; 3 bits    ; 6 LEs         ; 6 LEs                ; 0 LEs                  ; No         ; |SerialDumper|uart_rx:urx|r_Bit_Index              ;
; 3:1                ; 3 bits    ; 6 LEs         ; 6 LEs                ; 0 LEs                  ; No         ; |SerialDumper|uart_tx:utx|r_Bit_Index              ;
; 4:1                ; 2 bits    ; 4 LEs         ; 2 LEs                ; 2 LEs                  ; No         ; |SerialDumper|sdram_controller:memory|bank_addr[0] ;
; 4:1                ; 7 bits    ; 14 LEs        ; 14 LEs               ; 0 LEs                  ; No         ; |SerialDumper|sdram_controller:memory|addr[7]      ;
; 4:1                ; 2 bits    ; 4 LEs         ; 4 LEs                ; 0 LEs                  ; No         ; |SerialDumper|sdram_controller:memory|addr[4]      ;
; 13:1               ; 3 bits    ; 24 LEs        ; 6 LEs                ; 18 LEs                 ; No         ; |SerialDumper|Selector128                          ;
; 15:1               ; 2 bits    ; 20 LEs        ; 6 LEs                ; 14 LEs                 ; No         ; |SerialDumper|Selector129                          ;
; 15:1               ; 2 bits    ; 20 LEs        ; 6 LEs                ; 14 LEs                 ; No         ; |SerialDumper|Selector134                          ;
+--------------------+-----------+---------------+----------------------+------------------------+------------+----------------------------------------------------+


+-------------------------------------------------------------------------------------+
; Parameter Settings for User Entity Instance: altpll0:mempll|altpll:altpll_component ;
+-------------------------------+---------------------------+-------------------------+
; Parameter Name                ; Value                     ; Type                    ;
+-------------------------------+---------------------------+-------------------------+
; OPERATION_MODE                ; NORMAL                    ; Untyped                 ;
; PLL_TYPE                      ; AUTO                      ; Untyped                 ;
; LPM_HINT                      ; CBX_MODULE_PREFIX=altpll0 ; Untyped                 ;
; QUALIFY_CONF_DONE             ; OFF                       ; Untyped                 ;
; COMPENSATE_CLOCK              ; CLK0                      ; Untyped                 ;
; SCAN_CHAIN                    ; LONG                      ; Untyped                 ;
; PRIMARY_CLOCK                 ; INCLK0                    ; Untyped                 ;
; INCLK0_INPUT_FREQUENCY        ; 35242                     ; Signed Integer          ;
; INCLK1_INPUT_FREQUENCY        ; 0                         ; Untyped                 ;
; GATE_LOCK_SIGNAL              ; NO                        ; Untyped                 ;
; GATE_LOCK_COUNTER             ; 0                         ; Untyped                 ;
; LOCK_HIGH                     ; 1                         ; Untyped                 ;
; LOCK_LOW                      ; 1                         ; Untyped                 ;
; VALID_LOCK_MULTIPLIER         ; 1                         ; Untyped                 ;
; INVALID_LOCK_MULTIPLIER       ; 5                         ; Untyped                 ;
; SWITCH_OVER_ON_LOSSCLK        ; OFF                       ; Untyped                 ;
; SWITCH_OVER_ON_GATED_LOCK     ; OFF                       ; Untyped                 ;
; ENABLE_SWITCH_OVER_COUNTER    ; OFF                       ; Untyped                 ;
; SKIP_VCO                      ; OFF                       ; Untyped                 ;
; SWITCH_OVER_COUNTER           ; 0                         ; Untyped                 ;
; SWITCH_OVER_TYPE              ; AUTO                      ; Untyped                 ;
; FEEDBACK_SOURCE               ; EXTCLK0                   ; Untyped                 ;
; BANDWIDTH                     ; 0                         ; Untyped                 ;
; BANDWIDTH_TYPE                ; AUTO                      ; Untyped                 ;
; SPREAD_FREQUENCY              ; 0                         ; Untyped                 ;
; DOWN_SPREAD                   ; 0                         ; Untyped                 ;
; SELF_RESET_ON_GATED_LOSS_LOCK ; OFF                       ; Untyped                 ;
; SELF_RESET_ON_LOSS_LOCK       ; OFF                       ; Untyped                 ;
; CLK9_MULTIPLY_BY              ; 0                         ; Untyped                 ;
; CLK8_MULTIPLY_BY              ; 0                         ; Untyped                 ;
; CLK7_MULTIPLY_BY              ; 0                         ; Untyped                 ;
; CLK6_MULTIPLY_BY              ; 0                         ; Untyped                 ;
; CLK5_MULTIPLY_BY              ; 1                         ; Untyped                 ;
; CLK4_MULTIPLY_BY              ; 1                         ; Untyped                 ;
; CLK3_MULTIPLY_BY              ; 1                         ; Untyped                 ;
; CLK2_MULTIPLY_BY              ; 1                         ; Untyped                 ;
; CLK1_MULTIPLY_BY              ; 1                         ; Untyped                 ;
; CLK0_MULTIPLY_BY              ; 800                       ; Signed Integer          ;
; CLK9_DIVIDE_BY                ; 0                         ; Untyped                 ;
; CLK8_DIVIDE_BY                ; 0                         ; Untyped                 ;
; CLK7_DIVIDE_BY                ; 0                         ; Untyped                 ;
; CLK6_DIVIDE_BY                ; 0                         ; Untyped                 ;
; CLK5_DIVIDE_BY                ; 1                         ; Untyped                 ;
; CLK4_DIVIDE_BY                ; 1                         ; Untyped                 ;
; CLK3_DIVIDE_BY                ; 1                         ; Untyped                 ;
; CLK2_DIVIDE_BY                ; 1                         ; Untyped                 ;
; CLK1_DIVIDE_BY                ; 1                         ; Untyped                 ;
; CLK0_DIVIDE_BY                ; 227                       ; Signed Integer          ;
; CLK9_PHASE_SHIFT              ; 0                         ; Untyped                 ;
; CLK8_PHASE_SHIFT              ; 0                         ; Untyped                 ;
; CLK7_PHASE_SHIFT              ; 0                         ; Untyped                 ;
; CLK6_PHASE_SHIFT              ; 0                         ; Untyped                 ;
; CLK5_PHASE_SHIFT              ; 0                         ; Untyped                 ;
; CLK4_PHASE_SHIFT              ; 0                         ; Untyped                 ;
; CLK3_PHASE_SHIFT              ; 0                         ; Untyped                 ;
; CLK2_PHASE_SHIFT              ; 0                         ; Untyped                 ;
; CLK1_PHASE_SHIFT              ; 0                         ; Untyped                 ;
; CLK0_PHASE_SHIFT              ; 0                         ; Untyped                 ;
; CLK5_TIME_DELAY               ; 0                         ; Untyped                 ;
; CLK4_TIME_DELAY               ; 0                         ; Untyped                 ;
; CLK3_TIME_DELAY               ; 0                         ; Untyped                 ;
; CLK2_TIME_DELAY               ; 0                         ; Untyped                 ;
; CLK1_TIME_DELAY               ; 0                         ; Untyped                 ;
; CLK0_TIME_DELAY               ; 0                         ; Untyped                 ;
; CLK9_DUTY_CYCLE               ; 50                        ; Untyped                 ;
; CLK8_DUTY_CYCLE               ; 50                        ; Untyped                 ;
; CLK7_DUTY_CYCLE               ; 50                        ; Untyped                 ;
; CLK6_DUTY_CYCLE               ; 50                        ; Untyped                 ;
; CLK5_DUTY_CYCLE               ; 50                        ; Untyped                 ;
; CLK4_DUTY_CYCLE               ; 50                        ; Untyped                 ;
; CLK3_DUTY_CYCLE               ; 50                        ; Untyped                 ;
; CLK2_DUTY_CYCLE               ; 50                        ; Untyped                 ;
; CLK1_DUTY_CYCLE               ; 50                        ; Untyped                 ;
; CLK0_DUTY_CYCLE               ; 50                        ; Signed Integer          ;
; CLK9_USE_EVEN_COUNTER_MODE    ; OFF                       ; Untyped                 ;
; CLK8_USE_EVEN_COUNTER_MODE    ; OFF                       ; Untyped                 ;
; CLK7_USE_EVEN_COUNTER_MODE    ; OFF                       ; Untyped                 ;
; CLK6_USE_EVEN_COUNTER_MODE    ; OFF                       ; Untyped                 ;
; CLK5_USE_EVEN_COUNTER_MODE    ; OFF                       ; Untyped                 ;
; CLK4_USE_EVEN_COUNTER_MODE    ; OFF                       ; Untyped                 ;
; CLK3_USE_EVEN_COUNTER_MODE    ; OFF                       ; Untyped                 ;
; CLK2_USE_EVEN_COUNTER_MODE    ; OFF                       ; Untyped                 ;
; CLK1_USE_EVEN_COUNTER_MODE    ; OFF                       ; Untyped                 ;
; CLK0_USE_EVEN_COUNTER_MODE    ; OFF                       ; Untyped                 ;
; CLK9_USE_EVEN_COUNTER_VALUE   ; OFF                       ; Untyped                 ;
; CLK8_USE_EVEN_COUNTER_VALUE   ; OFF                       ; Untyped                 ;
; CLK7_USE_EVEN_COUNTER_VALUE   ; OFF                       ; Untyped                 ;
; CLK6_USE_EVEN_COUNTER_VALUE   ; OFF                       ; Untyped                 ;
; CLK5_USE_EVEN_COUNTER_VALUE   ; OFF                       ; Untyped                 ;
; CLK4_USE_EVEN_COUNTER_VALUE   ; OFF                       ; Untyped                 ;
; CLK3_USE_EVEN_COUNTER_VALUE   ; OFF                       ; Untyped                 ;
; CLK2_USE_EVEN_COUNTER_VALUE   ; OFF                       ; Untyped                 ;
; CLK1_USE_EVEN_COUNTER_VALUE   ; OFF                       ; Untyped                 ;
; CLK0_USE_EVEN_COUNTER_VALUE   ; OFF                       ; Untyped                 ;
; LOCK_WINDOW_UI                ;  0.05                     ; Untyped                 ;
; LOCK_WINDOW_UI_BITS           ; UNUSED                    ; Untyped                 ;
; VCO_RANGE_DETECTOR_LOW_BITS   ; UNUSED                    ; Untyped                 ;
; VCO_RANGE_DETECTOR_HIGH_BITS  ; UNUSED                    ; Untyped                 ;
; DPA_MULTIPLY_BY               ; 0                         ; Untyped                 ;
; DPA_DIVIDE_BY                 ; 1                         ; Untyped                 ;
; DPA_DIVIDER                   ; 0                         ; Untyped                 ;
; EXTCLK3_MULTIPLY_BY           ; 1                         ; Untyped                 ;
; EXTCLK2_MULTIPLY_BY           ; 1                         ; Untyped                 ;
; EXTCLK1_MULTIPLY_BY           ; 1                         ; Untyped                 ;
; EXTCLK0_MULTIPLY_BY           ; 1                         ; Untyped                 ;
; EXTCLK3_DIVIDE_BY             ; 1                         ; Untyped                 ;
; EXTCLK2_DIVIDE_BY             ; 1                         ; Untyped                 ;
; EXTCLK1_DIVIDE_BY             ; 1                         ; Untyped                 ;
; EXTCLK0_DIVIDE_BY             ; 1                         ; Untyped                 ;
; EXTCLK3_PHASE_SHIFT           ; 0                         ; Untyped                 ;
; EXTCLK2_PHASE_SHIFT           ; 0                         ; Untyped                 ;
; EXTCLK1_PHASE_SHIFT           ; 0                         ; Untyped                 ;
; EXTCLK0_PHASE_SHIFT           ; 0                         ; Untyped                 ;
; EXTCLK3_TIME_DELAY            ; 0                         ; Untyped                 ;
; EXTCLK2_TIME_DELAY            ; 0                         ; Untyped                 ;
; EXTCLK1_TIME_DELAY            ; 0                         ; Untyped                 ;
; EXTCLK0_TIME_DELAY            ; 0                         ; Untyped                 ;
; EXTCLK3_DUTY_CYCLE            ; 50                        ; Untyped                 ;
; EXTCLK2_DUTY_CYCLE            ; 50                        ; Untyped                 ;
; EXTCLK1_DUTY_CYCLE            ; 50                        ; Untyped                 ;
; EXTCLK0_DUTY_CYCLE            ; 50                        ; Untyped                 ;
; VCO_MULTIPLY_BY               ; 0                         ; Untyped                 ;
; VCO_DIVIDE_BY                 ; 0                         ; Untyped                 ;
; SCLKOUT0_PHASE_SHIFT          ; 0                         ; Untyped                 ;
; SCLKOUT1_PHASE_SHIFT          ; 0                         ; Untyped                 ;
; VCO_MIN                       ; 0                         ; Untyped                 ;
; VCO_MAX                       ; 0                         ; Untyped                 ;
; VCO_CENTER                    ; 0                         ; Untyped                 ;
; PFD_MIN                       ; 0                         ; Untyped                 ;
; PFD_MAX                       ; 0                         ; Untyped                 ;
; M_INITIAL                     ; 0                         ; Untyped                 ;
; M                             ; 0                         ; Untyped                 ;
; N                             ; 1                         ; Untyped                 ;
; M2                            ; 1                         ; Untyped                 ;
; N2                            ; 1                         ; Untyped                 ;
; SS                            ; 1                         ; Untyped                 ;
; C0_HIGH                       ; 0                         ; Untyped                 ;
; C1_HIGH                       ; 0                         ; Untyped                 ;
; C2_HIGH                       ; 0                         ; Untyped                 ;
; C3_HIGH                       ; 0                         ; Untyped                 ;
; C4_HIGH                       ; 0                         ; Untyped                 ;
; C5_HIGH                       ; 0                         ; Untyped                 ;
; C6_HIGH                       ; 0                         ; Untyped                 ;
; C7_HIGH                       ; 0                         ; Untyped                 ;
; C8_HIGH                       ; 0                         ; Untyped                 ;
; C9_HIGH                       ; 0                         ; Untyped                 ;
; C0_LOW                        ; 0                         ; Untyped                 ;
; C1_LOW                        ; 0                         ; Untyped                 ;
; C2_LOW                        ; 0                         ; Untyped                 ;
; C3_LOW                        ; 0                         ; Untyped                 ;
; C4_LOW                        ; 0                         ; Untyped                 ;
; C5_LOW                        ; 0                         ; Untyped                 ;
; C6_LOW                        ; 0                         ; Untyped                 ;
; C7_LOW                        ; 0                         ; Untyped                 ;
; C8_LOW                        ; 0                         ; Untyped                 ;
; C9_LOW                        ; 0                         ; Untyped                 ;
; C0_INITIAL                    ; 0                         ; Untyped                 ;
; C1_INITIAL                    ; 0                         ; Untyped                 ;
; C2_INITIAL                    ; 0                         ; Untyped                 ;
; C3_INITIAL                    ; 0                         ; Untyped                 ;
; C4_INITIAL                    ; 0                         ; Untyped                 ;
; C5_INITIAL                    ; 0                         ; Untyped                 ;
; C6_INITIAL                    ; 0                         ; Untyped                 ;
; C7_INITIAL                    ; 0                         ; Untyped                 ;
; C8_INITIAL                    ; 0                         ; Untyped                 ;
; C9_INITIAL                    ; 0                         ; Untyped                 ;
; C0_MODE                       ; BYPASS                    ; Untyped                 ;
; C1_MODE                       ; BYPASS                    ; Untyped                 ;
; C2_MODE                       ; BYPASS                    ; Untyped                 ;
; C3_MODE                       ; BYPASS                    ; Untyped                 ;
; C4_MODE                       ; BYPASS                    ; Untyped                 ;
; C5_MODE                       ; BYPASS                    ; Untyped                 ;
; C6_MODE                       ; BYPASS                    ; Untyped                 ;
; C7_MODE                       ; BYPASS                    ; Untyped                 ;
; C8_MODE                       ; BYPASS                    ; Untyped                 ;
; C9_MODE                       ; BYPASS                    ; Untyped                 ;
; C0_PH                         ; 0                         ; Untyped                 ;
; C1_PH                         ; 0                         ; Untyped                 ;
; C2_PH                         ; 0                         ; Untyped                 ;
; C3_PH                         ; 0                         ; Untyped                 ;
; C4_PH                         ; 0                         ; Untyped                 ;
; C5_PH                         ; 0                         ; Untyped                 ;
; C6_PH                         ; 0                         ; Untyped                 ;
; C7_PH                         ; 0                         ; Untyped                 ;
; C8_PH                         ; 0                         ; Untyped                 ;
; C9_PH                         ; 0                         ; Untyped                 ;
; L0_HIGH                       ; 1                         ; Untyped                 ;
; L1_HIGH                       ; 1                         ; Untyped                 ;
; G0_HIGH                       ; 1                         ; Untyped                 ;
; G1_HIGH                       ; 1                         ; Untyped                 ;
; G2_HIGH                       ; 1                         ; Untyped                 ;
; G3_HIGH                       ; 1                         ; Untyped                 ;
; E0_HIGH                       ; 1                         ; Untyped                 ;
; E1_HIGH                       ; 1                         ; Untyped                 ;
; E2_HIGH                       ; 1                         ; Untyped                 ;
; E3_HIGH                       ; 1                         ; Untyped                 ;
; L0_LOW                        ; 1                         ; Untyped                 ;
; L1_LOW                        ; 1                         ; Untyped                 ;
; G0_LOW                        ; 1                         ; Untyped                 ;
; G1_LOW                        ; 1                         ; Untyped                 ;
; G2_LOW                        ; 1                         ; Untyped                 ;
; G3_LOW                        ; 1                         ; Untyped                 ;
; E0_LOW                        ; 1                         ; Untyped                 ;
; E1_LOW                        ; 1                         ; Untyped                 ;
; E2_LOW                        ; 1                         ; Untyped                 ;
; E3_LOW                        ; 1                         ; Untyped                 ;
; L0_INITIAL                    ; 1                         ; Untyped                 ;
; L1_INITIAL                    ; 1                         ; Untyped                 ;
; G0_INITIAL                    ; 1                         ; Untyped                 ;
; G1_INITIAL                    ; 1                         ; Untyped                 ;
; G2_INITIAL                    ; 1                         ; Untyped                 ;
; G3_INITIAL                    ; 1                         ; Untyped                 ;
; E0_INITIAL                    ; 1                         ; Untyped                 ;
; E1_INITIAL                    ; 1                         ; Untyped                 ;
; E2_INITIAL                    ; 1                         ; Untyped                 ;
; E3_INITIAL                    ; 1                         ; Untyped                 ;
; L0_MODE                       ; BYPASS                    ; Untyped                 ;
; L1_MODE                       ; BYPASS                    ; Untyped                 ;
; G0_MODE                       ; BYPASS                    ; Untyped                 ;
; G1_MODE                       ; BYPASS                    ; Untyped                 ;
; G2_MODE                       ; BYPASS                    ; Untyped                 ;
; G3_MODE                       ; BYPASS                    ; Untyped                 ;
; E0_MODE                       ; BYPASS                    ; Untyped                 ;
; E1_MODE                       ; BYPASS                    ; Untyped                 ;
; E2_MODE                       ; BYPASS                    ; Untyped                 ;
; E3_MODE                       ; BYPASS                    ; Untyped                 ;
; L0_PH                         ; 0                         ; Untyped                 ;
; L1_PH                         ; 0                         ; Untyped                 ;
; G0_PH                         ; 0                         ; Untyped                 ;
; G1_PH                         ; 0                         ; Untyped                 ;
; G2_PH                         ; 0                         ; Untyped                 ;
; G3_PH                         ; 0                         ; Untyped                 ;
; E0_PH                         ; 0                         ; Untyped                 ;
; E1_PH                         ; 0                         ; Untyped                 ;
; E2_PH                         ; 0                         ; Untyped                 ;
; E3_PH                         ; 0                         ; Untyped                 ;
; M_PH                          ; 0                         ; Untyped                 ;
; C1_USE_CASC_IN                ; OFF                       ; Untyped                 ;
; C2_USE_CASC_IN                ; OFF                       ; Untyped                 ;
; C3_USE_CASC_IN                ; OFF                       ; Untyped                 ;
; C4_USE_CASC_IN                ; OFF                       ; Untyped                 ;
; C5_USE_CASC_IN                ; OFF                       ; Untyped                 ;
; C6_USE_CASC_IN                ; OFF                       ; Untyped                 ;
; C7_USE_CASC_IN                ; OFF                       ; Untyped                 ;
; C8_USE_CASC_IN                ; OFF                       ; Untyped                 ;
; C9_USE_CASC_IN                ; OFF                       ; Untyped                 ;
; CLK0_COUNTER                  ; G0                        ; Untyped                 ;
; CLK1_COUNTER                  ; G0                        ; Untyped                 ;
; CLK2_COUNTER                  ; G0                        ; Untyped                 ;
; CLK3_COUNTER                  ; G0                        ; Untyped                 ;
; CLK4_COUNTER                  ; G0                        ; Untyped                 ;
; CLK5_COUNTER                  ; G0                        ; Untyped                 ;
; CLK6_COUNTER                  ; E0                        ; Untyped                 ;
; CLK7_COUNTER                  ; E1                        ; Untyped                 ;
; CLK8_COUNTER                  ; E2                        ; Untyped                 ;
; CLK9_COUNTER                  ; E3                        ; Untyped                 ;
; L0_TIME_DELAY                 ; 0                         ; Untyped                 ;
; L1_TIME_DELAY                 ; 0                         ; Untyped                 ;
; G0_TIME_DELAY                 ; 0                         ; Untyped                 ;
; G1_TIME_DELAY                 ; 0                         ; Untyped                 ;
; G2_TIME_DELAY                 ; 0                         ; Untyped                 ;
; G3_TIME_DELAY                 ; 0                         ; Untyped                 ;
; E0_TIME_DELAY                 ; 0                         ; Untyped                 ;
; E1_TIME_DELAY                 ; 0                         ; Untyped                 ;
; E2_TIME_DELAY                 ; 0                         ; Untyped                 ;
; E3_TIME_DELAY                 ; 0                         ; Untyped                 ;
; M_TIME_DELAY                  ; 0                         ; Untyped                 ;
; N_TIME_DELAY                  ; 0                         ; Untyped                 ;
; EXTCLK3_COUNTER               ; E3                        ; Untyped                 ;
; EXTCLK2_COUNTER               ; E2                        ; Untyped                 ;
; EXTCLK1_COUNTER               ; E1                        ; Untyped                 ;
; EXTCLK0_COUNTER               ; E0                        ; Untyped                 ;
; ENABLE0_COUNTER               ; L0                        ; Untyped                 ;
; ENABLE1_COUNTER               ; L0                        ; Untyped                 ;
; CHARGE_PUMP_CURRENT           ; 2                         ; Untyped                 ;
; LOOP_FILTER_R                 ;  1.000000                 ; Untyped                 ;
; LOOP_FILTER_C                 ; 5                         ; Untyped                 ;
; CHARGE_PUMP_CURRENT_BITS      ; 9999                      ; Untyped                 ;
; LOOP_FILTER_R_BITS            ; 9999                      ; Untyped                 ;
; LOOP_FILTER_C_BITS            ; 9999                      ; Untyped                 ;
; VCO_POST_SCALE                ; 0                         ; Untyped                 ;
; CLK2_OUTPUT_FREQUENCY         ; 0                         ; Untyped                 ;
; CLK1_OUTPUT_FREQUENCY         ; 0                         ; Untyped                 ;
; CLK0_OUTPUT_FREQUENCY         ; 0                         ; Untyped                 ;
; INTENDED_DEVICE_FAMILY        ; Cyclone III               ; Untyped                 ;
; PORT_CLKENA0                  ; PORT_UNUSED               ; Untyped                 ;
; PORT_CLKENA1                  ; PORT_UNUSED               ; Untyped                 ;
; PORT_CLKENA2                  ; PORT_UNUSED               ; Untyped                 ;
; PORT_CLKENA3                  ; PORT_UNUSED               ; Untyped                 ;
; PORT_CLKENA4                  ; PORT_UNUSED               ; Untyped                 ;
; PORT_CLKENA5                  ; PORT_UNUSED               ; Untyped                 ;
; PORT_EXTCLKENA0               ; PORT_CONNECTIVITY         ; Untyped                 ;
; PORT_EXTCLKENA1               ; PORT_CONNECTIVITY         ; Untyped                 ;
; PORT_EXTCLKENA2               ; PORT_CONNECTIVITY         ; Untyped                 ;
; PORT_EXTCLKENA3               ; PORT_CONNECTIVITY         ; Untyped                 ;
; PORT_EXTCLK0                  ; PORT_UNUSED               ; Untyped                 ;
; PORT_EXTCLK1                  ; PORT_UNUSED               ; Untyped                 ;
; PORT_EXTCLK2                  ; PORT_UNUSED               ; Untyped                 ;
; PORT_EXTCLK3                  ; PORT_UNUSED               ; Untyped                 ;
; PORT_CLKBAD0                  ; PORT_UNUSED               ; Untyped                 ;
; PORT_CLKBAD1                  ; PORT_UNUSED               ; Untyped                 ;
; PORT_CLK0                     ; PORT_USED                 ; Untyped                 ;
; PORT_CLK1                     ; PORT_UNUSED               ; Untyped                 ;
; PORT_CLK2                     ; PORT_UNUSED               ; Untyped                 ;
; PORT_CLK3                     ; PORT_UNUSED               ; Untyped                 ;
; PORT_CLK4                     ; PORT_UNUSED               ; Untyped                 ;
; PORT_CLK5                     ; PORT_UNUSED               ; Untyped                 ;
; PORT_CLK6                     ; PORT_UNUSED               ; Untyped                 ;
; PORT_CLK7                     ; PORT_UNUSED               ; Untyped                 ;
; PORT_CLK8                     ; PORT_UNUSED               ; Untyped                 ;
; PORT_CLK9                     ; PORT_UNUSED               ; Untyped                 ;
; PORT_SCANDATA                 ; PORT_UNUSED               ; Untyped                 ;
; PORT_SCANDATAOUT              ; PORT_UNUSED               ; Untyped                 ;
; PORT_SCANDONE                 ; PORT_UNUSED               ; Untyped                 ;
; PORT_SCLKOUT1                 ; PORT_CONNECTIVITY         ; Untyped                 ;
; PORT_SCLKOUT0                 ; PORT_CONNECTIVITY         ; Untyped                 ;
; PORT_ACTIVECLOCK              ; PORT_UNUSED               ; Untyped                 ;
; PORT_CLKLOSS                  ; PORT_UNUSED               ; Untyped                 ;
; PORT_INCLK1                   ; PORT_UNUSED               ; Untyped                 ;
; PORT_INCLK0                   ; PORT_USED                 ; Untyped                 ;
; PORT_FBIN                     ; PORT_UNUSED               ; Untyped                 ;
; PORT_PLLENA                   ; PORT_UNUSED               ; Untyped                 ;
; PORT_CLKSWITCH                ; PORT_UNUSED               ; Untyped                 ;
; PORT_ARESET                   ; PORT_UNUSED               ; Untyped                 ;
; PORT_PFDENA                   ; PORT_UNUSED               ; Untyped                 ;
; PORT_SCANCLK                  ; PORT_UNUSED               ; Untyped                 ;
; PORT_SCANACLR                 ; PORT_UNUSED               ; Untyped                 ;
; PORT_SCANREAD                 ; PORT_UNUSED               ; Untyped                 ;
; PORT_SCANWRITE                ; PORT_UNUSED               ; Untyped                 ;
; PORT_ENABLE0                  ; PORT_CONNECTIVITY         ; Untyped                 ;
; PORT_ENABLE1                  ; PORT_CONNECTIVITY         ; Untyped                 ;
; PORT_LOCKED                   ; PORT_USED                 ; Untyped                 ;
; PORT_CONFIGUPDATE             ; PORT_UNUSED               ; Untyped                 ;
; PORT_FBOUT                    ; PORT_CONNECTIVITY         ; Untyped                 ;
; PORT_PHASEDONE                ; PORT_UNUSED               ; Untyped                 ;
; PORT_PHASESTEP                ; PORT_UNUSED               ; Untyped                 ;
; PORT_PHASEUPDOWN              ; PORT_UNUSED               ; Untyped                 ;
; PORT_SCANCLKENA               ; PORT_UNUSED               ; Untyped                 ;
; PORT_PHASECOUNTERSELECT       ; PORT_UNUSED               ; Untyped                 ;
; PORT_VCOOVERRANGE             ; PORT_CONNECTIVITY         ; Untyped                 ;
; PORT_VCOUNDERRANGE            ; PORT_CONNECTIVITY         ; Untyped                 ;
; M_TEST_SOURCE                 ; 5                         ; Untyped                 ;
; C0_TEST_SOURCE                ; 5                         ; Untyped                 ;
; C1_TEST_SOURCE                ; 5                         ; Untyped                 ;
; C2_TEST_SOURCE                ; 5                         ; Untyped                 ;
; C3_TEST_SOURCE                ; 5                         ; Untyped                 ;
; C4_TEST_SOURCE                ; 5                         ; Untyped                 ;
; C5_TEST_SOURCE                ; 5                         ; Untyped                 ;
; C6_TEST_SOURCE                ; 5                         ; Untyped                 ;
; C7_TEST_SOURCE                ; 5                         ; Untyped                 ;
; C8_TEST_SOURCE                ; 5                         ; Untyped                 ;
; C9_TEST_SOURCE                ; 5                         ; Untyped                 ;
; CBXI_PARAMETER                ; altpll0_altpll1           ; Untyped                 ;
; VCO_FREQUENCY_CONTROL         ; AUTO                      ; Untyped                 ;
; VCO_PHASE_SHIFT_STEP          ; 0                         ; Untyped                 ;
; WIDTH_CLOCK                   ; 5                         ; Signed Integer          ;
; WIDTH_PHASECOUNTERSELECT      ; 4                         ; Untyped                 ;
; USING_FBMIMICBIDIR_PORT       ; OFF                       ; Untyped                 ;
; DEVICE_FAMILY                 ; Cyclone III               ; Untyped                 ;
; SCAN_CHAIN_MIF_FILE           ; UNUSED                    ; Untyped                 ;
; SIM_GATE_LOCK_DEVICE_BEHAVIOR ; OFF                       ; Untyped                 ;
; AUTO_CARRY_CHAINS             ; ON                        ; AUTO_CARRY              ;
; IGNORE_CARRY_BUFFERS          ; OFF                       ; IGNORE_CARRY            ;
; AUTO_CASCADE_CHAINS           ; ON                        ; AUTO_CASCADE            ;
; IGNORE_CASCADE_BUFFERS        ; OFF                       ; IGNORE_CASCADE          ;
+-------------------------------+---------------------------+-------------------------+
Note: In order to hide this table in the UI and the text report file, please set the "Show Parameter Settings in Synthesis Report" option in "Analysis and Synthesis Settings -> More Settings" to "Off".


+----------------------------------------------------------------------+
; Parameter Settings for User Entity Instance: sdram_controller:memory ;
+----------------+-------+---------------------------------------------+
; Parameter Name ; Value ; Type                                        ;
+----------------+-------+---------------------------------------------+
; ROW_WIDTH      ; 12    ; Signed Integer                              ;
; COL_WIDTH      ; 9     ; Signed Integer                              ;
; BANK_WIDTH     ; 2     ; Signed Integer                              ;
; SDRADDR_WIDTH  ; 12    ; Signed Integer                              ;
; HADDR_WIDTH    ; 23    ; Signed Integer                              ;
; CLK_FREQUENCY  ; 100   ; Signed Integer                              ;
; REFRESH_TIME   ; 64    ; Signed Integer                              ;
; REFRESH_COUNT  ; 4096  ; Signed Integer                              ;
+----------------+-------+---------------------------------------------+
Note: In order to hide this table in the UI and the text report file, please set the "Show Parameter Settings in Synthesis Report" option in "Analysis and Synthesis Settings -> More Settings" to "Off".


+----------------------------------------------------------+
; Parameter Settings for User Entity Instance: uart_tx:utx ;
+----------------+-------+---------------------------------+
; Parameter Name ; Value ; Type                            ;
+----------------+-------+---------------------------------+
; CLKS_PER_BIT   ; 868   ; Signed Integer                  ;
+----------------+-------+---------------------------------+
Note: In order to hide this table in the UI and the text report file, please set the "Show Parameter Settings in Synthesis Report" option in "Analysis and Synthesis Settings -> More Settings" to "Off".


+----------------------------------------------------------+
; Parameter Settings for User Entity Instance: uart_rx:urx ;
+----------------+-------+---------------------------------+
; Parameter Name ; Value ; Type                            ;
+----------------+-------+---------------------------------+
; CLKS_PER_BIT   ; 868   ; Signed Integer                  ;
+----------------+-------+---------------------------------+
Note: In order to hide this table in the UI and the text report file, please set the "Show Parameter Settings in Synthesis Report" option in "Analysis and Synthesis Settings -> More Settings" to "Off".


+------------------------------------------------------------------------+
; altpll Parameter Settings by Entity Instance                           ;
+-------------------------------+----------------------------------------+
; Name                          ; Value                                  ;
+-------------------------------+----------------------------------------+
; Number of entity instances    ; 1                                      ;
; Entity Instance               ; altpll0:mempll|altpll:altpll_component ;
;     -- OPERATION_MODE         ; NORMAL                                 ;
;     -- PLL_TYPE               ; AUTO                                   ;
;     -- PRIMARY_CLOCK          ; INCLK0                                 ;
;     -- INCLK0_INPUT_FREQUENCY ; 35242                                  ;
;     -- INCLK1_INPUT_FREQUENCY ; 0                                      ;
;     -- VCO_MULTIPLY_BY        ; 0                                      ;
;     -- VCO_DIVIDE_BY          ; 0                                      ;
+-------------------------------+----------------------------------------+


+--------------------------------------------------------------------------------------------------------------------------------------------+
; Port Connectivity Checks: "uart_tx:utx"                                                                                                    ;
+-------------+--------+----------+----------------------------------------------------------------------------------------------------------+
; Port        ; Type   ; Severity ; Details                                                                                                  ;
+-------------+--------+----------+----------------------------------------------------------------------------------------------------------+
; o_Tx_Active ; Output ; Warning  ; Declared by entity but not connected by instance. Logic that only feeds a dangling port will be removed. ;
+-------------+--------+----------+----------------------------------------------------------------------------------------------------------+


+---------------------------------------------------------------------------------------------------------------------------------------------------------------------------------+
; Port Connectivity Checks: "sdram_controller:memory"                                                                                                                             ;
+--------------+--------+----------+----------------------------------------------------------------------------------------------------------------------------------------------+
; Port         ; Type   ; Severity ; Details                                                                                                                                      ;
+--------------+--------+----------+----------------------------------------------------------------------------------------------------------------------------------------------+
; wr_enable    ; Input  ; Info     ; Stuck at GND                                                                                                                                 ;
; wr_addr      ; Input  ; Warning  ; Declared by entity but not connected by instance. If a default value exists, it will be used.  Otherwise, the port will be connected to GND. ;
; wr_data      ; Input  ; Warning  ; Declared by entity but not connected by instance. If a default value exists, it will be used.  Otherwise, the port will be connected to GND. ;
; clock_enable ; Output ; Warning  ; Declared by entity but not connected by instance. Logic that only feeds a dangling port will be removed.                                     ;
; cs_n         ; Output ; Warning  ; Declared by entity but not connected by instance. Logic that only feeds a dangling port will be removed.                                     ;
+--------------+--------+----------+----------------------------------------------------------------------------------------------------------------------------------------------+


+-------------------------------+
; Elapsed Time Per Partition    ;
+----------------+--------------+
; Partition Name ; Elapsed Time ;
+----------------+--------------+
; Top            ; 00:00:01     ;
+----------------+--------------+


+-------------------------------+
; Analysis & Synthesis Messages ;
+-------------------------------+
Info: *******************************************************************
Info: Running Quartus II 64-Bit Analysis & Synthesis
    Info: Version 13.0.1 Build 232 06/12/2013 Service Pack 1 SJ Web Edition
    Info: Processing started: Fri Apr 14 01:52:21 2023
Info: Command: quartus_map --read_settings_files=on --write_settings_files=off SerialDumper -c SerialDumper
Info (12021): Found 1 design units, including 1 entities, in source file serialdumper.v
    Info (12023): Found entity 1: SerialDumper
Info (12021): Found 1 design units, including 1 entities, in source file sdram_controller.v
    Info (12023): Found entity 1: sdram_controller
Info (12021): Found 1 design units, including 1 entities, in source file altpll0.v
    Info (12023): Found entity 1: altpll0
Info (12021): Found 1 design units, including 1 entities, in source file uart_tx.v
    Info (12023): Found entity 1: uart_tx
Info (12021): Found 1 design units, including 1 entities, in source file uart_rx.v
    Info (12023): Found entity 1: uart_rx
Info (12127): Elaborating entity "SerialDumper" for the top level hierarchy
Info (10264): Verilog HDL Case Statement information at SerialDumper.v(182): all case item expressions in this case statement are onehot
Info (10264): Verilog HDL Case Statement information at SerialDumper.v(271): all case item expressions in this case statement are onehot
Info (10264): Verilog HDL Case Statement information at SerialDumper.v(289): all case item expressions in this case statement are onehot
Info (10264): Verilog HDL Case Statement information at SerialDumper.v(154): all case item expressions in this case statement are onehot
Info (12128): Elaborating entity "altpll0" for hierarchy "altpll0:mempll"
Info (12128): Elaborating entity "altpll" for hierarchy "altpll0:mempll|altpll:altpll_component"
Info (12130): Elaborated megafunction instantiation "altpll0:mempll|altpll:altpll_component"
Info (12133): Instantiated megafunction "altpll0:mempll|altpll:altpll_component" with the following parameter:
    Info (12134): Parameter "bandwidth_type" = "AUTO"
    Info (12134): Parameter "clk0_divide_by" = "227"
    Info (12134): Parameter "clk0_duty_cycle" = "50"
    Info (12134): Parameter "clk0_multiply_by" = "800"
    Info (12134): Parameter "clk0_phase_shift" = "0"
    Info (12134): Parameter "compensate_clock" = "CLK0"
    Info (12134): Parameter "inclk0_input_frequency" = "35242"
    Info (12134): Parameter "intended_device_family" = "Cyclone III"
    Info (12134): Parameter "lpm_hint" = "CBX_MODULE_PREFIX=altpll0"
    Info (12134): Parameter "lpm_type" = "altpll"
    Info (12134): Parameter "operation_mode" = "NORMAL"
    Info (12134): Parameter "pll_type" = "AUTO"
    Info (12134): Parameter "port_activeclock" = "PORT_UNUSED"
    Info (12134): Parameter "port_areset" = "PORT_UNUSED"
    Info (12134): Parameter "port_clkbad0" = "PORT_UNUSED"
    Info (12134): Parameter "port_clkbad1" = "PORT_UNUSED"
    Info (12134): Parameter "port_clkloss" = "PORT_UNUSED"
    Info (12134): Parameter "port_clkswitch" = "PORT_UNUSED"
    Info (12134): Parameter "port_configupdate" = "PORT_UNUSED"
    Info (12134): Parameter "port_fbin" = "PORT_UNUSED"
    Info (12134): Parameter "port_inclk0" = "PORT_USED"
    Info (12134): Parameter "port_inclk1" = "PORT_UNUSED"
    Info (12134): Parameter "port_locked" = "PORT_USED"
    Info (12134): Parameter "port_pfdena" = "PORT_UNUSED"
    Info (12134): Parameter "port_phasecounterselect" = "PORT_UNUSED"
    Info (12134): Parameter "port_phasedone" = "PORT_UNUSED"
    Info (12134): Parameter "port_phasestep" = "PORT_UNUSED"
    Info (12134): Parameter "port_phaseupdown" = "PORT_UNUSED"
    Info (12134): Parameter "port_pllena" = "PORT_UNUSED"
    Info (12134): Parameter "port_scanaclr" = "PORT_UNUSED"
    Info (12134): Parameter "port_scanclk" = "PORT_UNUSED"
    Info (12134): Parameter "port_scanclkena" = "PORT_UNUSED"
    Info (12134): Parameter "port_scandata" = "PORT_UNUSED"
    Info (12134): Parameter "port_scandataout" = "PORT_UNUSED"
    Info (12134): Parameter "port_scandone" = "PORT_UNUSED"
    Info (12134): Parameter "port_scanread" = "PORT_UNUSED"
    Info (12134): Parameter "port_scanwrite" = "PORT_UNUSED"
    Info (12134): Parameter "port_clk0" = "PORT_USED"
    Info (12134): Parameter "port_clk1" = "PORT_UNUSED"
    Info (12134): Parameter "port_clk2" = "PORT_UNUSED"
    Info (12134): Parameter "port_clk3" = "PORT_UNUSED"
    Info (12134): Parameter "port_clk4" = "PORT_UNUSED"
    Info (12134): Parameter "port_clk5" = "PORT_UNUSED"
    Info (12134): Parameter "port_clkena0" = "PORT_UNUSED"
    Info (12134): Parameter "port_clkena1" = "PORT_UNUSED"
    Info (12134): Parameter "port_clkena2" = "PORT_UNUSED"
    Info (12134): Parameter "port_clkena3" = "PORT_UNUSED"
    Info (12134): Parameter "port_clkena4" = "PORT_UNUSED"
    Info (12134): Parameter "port_clkena5" = "PORT_UNUSED"
    Info (12134): Parameter "port_extclk0" = "PORT_UNUSED"
    Info (12134): Parameter "port_extclk1" = "PORT_UNUSED"
    Info (12134): Parameter "port_extclk2" = "PORT_UNUSED"
    Info (12134): Parameter "port_extclk3" = "PORT_UNUSED"
    Info (12134): Parameter "self_reset_on_loss_lock" = "OFF"
    Info (12134): Parameter "width_clock" = "5"
Info (12021): Found 1 design units, including 1 entities, in source file db/altpll0_altpll1.v
    Info (12023): Found entity 1: altpll0_altpll1
Info (12128): Elaborating entity "altpll0_altpll1" for hierarchy "altpll0:mempll|altpll:altpll_component|altpll0_altpll1:auto_generated"
Info (12128): Elaborating entity "sdram_controller" for hierarchy "sdram_controller:memory"
Info (12128): Elaborating entity "uart_tx" for hierarchy "uart_tx:utx"
Info (12128): Elaborating entity "uart_rx" for hierarchy "uart_rx:urx"
Warning (12241): 2 hierarchies have connectivity warnings - see the Connectivity Checks report folder
Info (286030): Timing-Driven Synthesis is running
Info (17049): 10 registers lost all their fanouts during netlist optimizations.
Info (144001): Generated suppressed messages file D:/Users/Kasami/Documents/HeikouBox/configs/SerialDumper/output_files/SerialDumper.map.smsg
Info (16010): Generating hard_block partition "hard_block:auto_generated_inst"
    Info (16011): Adding 1 node(s), including 0 DDIO, 1 PLL, 0 transceiver and 0 LCELL
Info (21057): Implemented 619 device resources after synthesis - the final resource count might be different
    Info (21058): Implemented 2 input pins
    Info (21059): Implemented 21 output pins
    Info (21060): Implemented 16 bidirectional pins
    Info (21061): Implemented 579 logic cells
    Info (21065): Implemented 1 PLLs
Info: Quartus II 64-Bit Analysis & Synthesis was successful. 0 errors, 1 warning
    Info: Peak virtual memory: 4595 megabytes
    Info: Processing ended: Fri Apr 14 01:52:24 2023
    Info: Elapsed time: 00:00:03
    Info: Total CPU time (on all processors): 00:00:03


+------------------------------------------+
; Analysis & Synthesis Suppressed Messages ;
+------------------------------------------+
The suppressed messages can be found in D:/Users/Kasami/Documents/HeikouBox/configs/SerialDumper/output_files/SerialDumper.map.smsg.


